{"logTime": "0911/160318", "correlationVector":"3BbEjUPE+jXb86PnAIEYeu.1","action":"SyncServerConnectionManagerRequest", "result":"SYNC_SERVER_OK", "context":{"environment":"Prod_SoutheastAsia_000j", "migrationStage":"NotStarted", "server":"GENERAL0300000Q"}}
{"logTime": "0911/160318", "correlationVector":"dw6lLlziSmhRkbUBjQeAs/","action":"SyncServerConnectionManagerRequest", "result":"SYNC_SERVER_OK", "context":{"environment":"", "migrationStage":"", "server":""}}
{"logTime": "0911/160318", "correlationVector":"3BbEjUPE+jXb86PnAIEYeu","action":"Initial GetUpdates", "result":"", "context":Reason: NEW_CLIENT. cV=3BbEjUPE+jXb86PnAIEYeu}
{"logTime": "0911/160318", "correlationVector":"3BbEjUPE+jXb86PnAIEYeu.2","action":"GetUpdates Response", "result":"Success", "context":Received 1 update(s). cV=3BbEjUPE+jXb86PnAIEYeu.0;server=GENERAL0300000Q;cloudType=Consumer;environment=Prod_SoutheastAsia_000j;migrationStage=NotStarted}
{"logTime": "0911/160318", "correlationVector":"0uGdO170xjR1v8xViVMgE5","action":"Initial GetUpdates", "result":"", "context":Reason: NEWLY_SUPPORTED_DATATYPE. cV=0uGdO170xjR1v8xViVMgE5}
{"logTime": "0911/160319", "correlationVector":"0uGdO170xjR1v8xViVMgE5.1","action":"SyncServerConnectionManagerRequest", "result":"SYNC_SERVER_OK", "context":{"environment":"Prod_SoutheastAsia_000j", "migrationStage":"NotStarted", "server":"GENERAL0100000C"}}
{"logTime": "0911/160319", "correlationVector":"0uGdO170xjR1v8xViVMgE5.2","action":"GetUpdates Response", "result":"Success", "context":Received 130 update(s). cV=0uGdO170xjR1v8xViVMgE5.0;server=GENERAL0100000C;cloudType=Consumer;environment=Prod_SoutheastAsia_000j;migrationStage=NotStarted}
{"logTime": "0911/160319", "correlationVector":"TCY32CqKEy57WuJoQeomqB","action":"Initial GetUpdates", "result":"", "context":Reason: NEWLY_SUPPORTED_DATATYPE. cV=TCY32CqKEy57WuJoQeomqB}
{"logTime": "0911/160319", "correlationVector":"TCY32CqKEy57WuJoQeomqB.1","action":"SyncServerConnectionManagerRequest", "result":"SYNC_SERVER_OK", "context":{"environment":"Prod_SoutheastAsia_000j", "migrationStage":"NotStarted", "server":"GENERAL0300001C"}}
{"logTime": "0911/160319", "correlationVector":"TCY32CqKEy57WuJoQeomqB.2","action":"GetUpdates Response", "result":"Success", "context":Received 6 update(s). cV=TCY32CqKEy57WuJoQeomqB.0;server=GENERAL0300001C;cloudType=Consumer;environment=Prod_SoutheastAsia_000j;migrationStage=NotStarted}
{"logTime": "0911/160319", "correlationVector":"7smn/svCEJveVNBe6XWVPz","action":"Initial GetUpdates", "result":"", "context":Reason: NEWLY_SUPPORTED_DATATYPE. cV=7smn/svCEJveVNBe6XWVPz}
{"logTime": "0911/160319", "correlationVector":"7smn/svCEJveVNBe6XWVPz.1","action":"SyncServerConnectionManagerRequest", "result":"SYNC_SERVER_OK", "context":{"environment":"Prod_SoutheastAsia_000j", "migrationStage":"NotStarted", "server":"GENERAL03000022"}}
{"logTime": "0911/160319", "correlationVector":"7smn/svCEJveVNBe6XWVPz.2","action":"GetUpdates Response", "result":"Success", "context":Received 43 update(s). cV=7smn/svCEJveVNBe6XWVPz.0;server=GENERAL03000022;cloudType=Consumer;environment=Prod_SoutheastAsia_000j;migrationStage=NotStarted}
{"logTime": "0911/160319", "correlationVector":"JTD981jlI0qtJj6TXvgxto","action":"Normal GetUpdate request", "result":"", "context":cV=JTD981jlI0qtJj6TXvgxto
Nudged types: Device Info, User Consents
Refresh requested types: Bookmarks, Preferences, Passwords, Autofill Profiles, Autofill, Extensions, Extension settings, Device Info, User Consents, Send Tab To Self, Web Apps, Collection, Edge E Drop, Edge Hub App Usage, Edge Wallet, Encryption Keys}
{"logTime": "0911/160320", "correlationVector":"JTD981jlI0qtJj6TXvgxto.1","action":"SyncServerConnectionManagerRequest", "result":"SYNC_SERVER_OK", "context":{"environment":"Prod_SoutheastAsia_000j", "migrationStage":"NotStarted", "server":"GENERAL01000006"}}
{"logTime": "0911/160320", "correlationVector":"JTD981jlI0qtJj6TXvgxto.2","action":"GetUpdates Response", "result":"Success", "context":Received 0 update(s). cV=JTD981jlI0qtJj6TXvgxto.0;server=GENERAL01000006;cloudType=Consumer;environment=Prod_SoutheastAsia_000j;migrationStage=NotStarted}
{"logTime": "0911/160320", "correlationVector":"Y97WEK36nokpACvHO8dNPM","action":"DoCompareDataConsistency requsted types: ", "result":"Bookmarks, Preferences, Passwords, Extensions, Extension settings, Send Tab To Self, Web Apps, Collection, Edge E Drop, Edge Wallet, Encryption Keys"}
{"logTime": "0911/160320", "correlationVector":"Y97WEK36nokpACvHO8dNPM.0","action":"CompareDataConsistency result: ", "result":"Compare result: Encryption Keys is consistent. local entities count is: 1 local entities hash is: LcSUmnxpIJdfdNhe8/Czdiuomp4="}
{"logTime": "0911/160320", "correlationVector":"Y97WEK36nokpACvHO8dNPM.1","action":"CompareDataConsistency result: ", "result":"Compare result: Bookmarks is consistent. local entities count is: 4 local entities hash is: cFzdLIJl+0Ha5IdEjVO8lrcIEFE="}
{"logTime": "0911/160320", "correlationVector":"Y97WEK36nokpACvHO8dNPM.2","action":"CompareDataConsistency result: ", "result":"Compare result: Preferences is consistent. local entities count is: 56 local entities hash is: DXYxS6razgbO1lDEttFBRgEFmyQ="}
{"logTime": "0911/160320", "correlationVector":"Y97WEK36nokpACvHO8dNPM.3","action":"CompareDataConsistency result: ", "result":"Compare result: Extensions is consistent. local entities count is: 0 local entities hash is: "}
{"logTime": "0911/160320", "correlationVector":"Y97WEK36nokpACvHO8dNPM.4","action":"CompareDataConsistency result: ", "result":"Compare result: Extension settings is consistent. local entities count is: 0 local entities hash is: "}
{"logTime": "0911/160320", "correlationVector":"Y97WEK36nokpACvHO8dNPM.5","action":"CompareDataConsistency result: ", "result":"Server did not send this Send Tab To Self local entities count is: 0 local entities hash is: "}
{"logTime": "0911/160320", "correlationVector":"Y97WEK36nokpACvHO8dNPM.6","action":"CompareDataConsistency result: ", "result":"Compare result: Web Apps is consistent. local entities count is: 0 local entities hash is: "}
{"logTime": "0911/160320", "correlationVector":"Y97WEK36nokpACvHO8dNPM.7","action":"CompareDataConsistency result: ", "result":"Compare result: Collection is consistent. local entities count is: 0 local entities hash is: "}
{"logTime": "0911/160320", "correlationVector":"Y97WEK36nokpACvHO8dNPM.8","action":"CompareDataConsistency result: ", "result":"Compare result: Edge E Drop is consistent. local entities count is: 0 local entities hash is: "}
{"logTime": "0911/160320", "correlationVector":"Y97WEK36nokpACvHO8dNPM.9","action":"CompareDataConsistency result: ", "result":"Compare result: Edge Wallet is consistent. local entities count is: 0 local entities hash is: "}
{"logTime": "0911/160320", "correlationVector":"Y97WEK36nokpACvHO8dNPM.10","action":"CompareDataConsistency result: ", "result":"Compare result: Passwords is consistent. local entities count is: 7 local entities hash is: y2HDBV0xj4mwwso3oM6kBI/F2W0="}
{"logTime": "0911/160320", "correlationVector":"T1XoWxhdwRhrdeTCYm+eRc","action":"Commit Request", "result":"", "context":Item count: 3
Contributing types: Device Info, User Consents}
{"logTime": "0911/160320", "correlationVector":"T1XoWxhdwRhrdeTCYm+eRc.1","action":"SyncServerConnectionManagerRequest", "result":"SYNC_SERVER_OK", "context":{"environment":"Prod_SoutheastAsia_000j", "migrationStage":"NotStarted", "server":"GENERAL0100001D"}}
{"logTime": "0911/160320", "correlationVector":"T1XoWxhdwRhrdeTCYm+eRc.2","action":"Commit Response", "result":"Success", "context":Result: Success. cV=T1XoWxhdwRhrdeTCYm+eRc.0;server=GENERAL0100001D;cloudType=Consumer;environment=Prod_SoutheastAsia_000j;migrationStage=NotStarted}
{"logTime": "0911/160320", "correlationVector":"","action":"DIAGNOSTIC_REQUEST|v1/diagnosticData/Diagnostic.SendCheckResult()|SUCCESS", "result":""}
{"logTime": "0911/160321", "correlationVector":"vadqRQ99Vf7pfGzxWvTJqC","action":"Normal GetUpdate request", "result":"", "context":cV=vadqRQ99Vf7pfGzxWvTJqC
Nudged types: Device Info}
{"logTime": "0911/160321", "correlationVector":"vadqRQ99Vf7pfGzxWvTJqC.1","action":"SyncServerConnectionManagerRequest", "result":"SYNC_SERVER_OK", "context":{"environment":"Prod_SoutheastAsia_000j", "migrationStage":"NotStarted", "server":"GENERAL0100000H"}}
{"logTime": "0911/160321", "correlationVector":"vadqRQ99Vf7pfGzxWvTJqC.2","action":"GetUpdates Response", "result":"Success", "context":Received 1 update(s). cV=vadqRQ99Vf7pfGzxWvTJqC.0;server=GENERAL0100000H;cloudType=Consumer;environment=Prod_SoutheastAsia_000j;migrationStage=NotStarted}
{"logTime": "0911/160330", "correlationVector":"dFsgc+5dEGxYyt+/bVXl/+","action":"Normal GetUpdate request", "result":"", "context":cV=dFsgc+5dEGxYyt+/bVXl/+
Nudged types: Edge Hub App Usage}
{"logTime": "0911/160330", "correlationVector":"dFsgc+5dEGxYyt+/bVXl/+.1","action":"SyncServerConnectionManagerRequest", "result":"SYNC_SERVER_OK", "context":{"environment":"Prod_SoutheastAsia_000j", "migrationStage":"NotStarted", "server":"GENERAL0100000J"}}
{"logTime": "0911/160330", "correlationVector":"dFsgc+5dEGxYyt+/bVXl/+.2","action":"GetUpdates Response", "result":"Success", "context":Received 0 update(s). cV=dFsgc+5dEGxYyt+/bVXl/+.0;server=GENERAL0100000J;cloudType=Consumer;environment=Prod_SoutheastAsia_000j;migrationStage=NotStarted}
{"logTime": "0911/160330", "correlationVector":"Jbaao8rwJhkbRPmUwPmuq2","action":"Commit Request", "result":"", "context":Item count: 1
Contributing types: Edge Hub App Usage}
{"logTime": "0911/160330", "correlationVector":"Jbaao8rwJhkbRPmUwPmuq2.1","action":"SyncServerConnectionManagerRequest", "result":"SYNC_SERVER_OK", "context":{"environment":"Prod_SoutheastAsia_000j", "migrationStage":"NotStarted", "server":"GENERAL0100000Q"}}
{"logTime": "0911/160330", "correlationVector":"Jbaao8rwJhkbRPmUwPmuq2.2","action":"Commit Response", "result":"Success", "context":Result: Success. cV=Jbaao8rwJhkbRPmUwPmuq2.0;server=GENERAL0100000Q;cloudType=Consumer;environment=Prod_SoutheastAsia_000j;migrationStage=NotStarted}
